Analysis & Synthesis report for xtea_top_duplex
Sun May 11 07:28:47 2025
Quartus Prime Version 24.1std.0 Build 1077 03/04/2025 SC Lite Edition


---------------------
; Table of Contents ;
---------------------
  1. Legal Notice
  2. Analysis & Synthesis Summary
  3. Analysis & Synthesis Settings
  4. Parallel Compilation
  5. Analysis & Synthesis Source Files Read
  6. Analysis & Synthesis Resource Usage Summary
  7. Analysis & Synthesis Resource Utilization by Entity
  8. State Machine - |xtea_top_duplex|enc_stream_state
  9. State Machine - |xtea_top_duplex|cipher_state
 10. State Machine - |xtea_top_duplex|data_state
 11. State Machine - |xtea_top_duplex|key_state
 12. State Machine - |xtea_top_duplex|xtea_dec:DEC_UNIT|state
 13. State Machine - |xtea_top_duplex|xtea_enc:ENC_UNIT|state
 14. General Register Statistics
 15. Inverted Register Statistics
 16. Multiplexer Restructuring Statistics (Restructuring Performed)
 17. Post-Synthesis Netlist Statistics for Top Partition
 18. Elapsed Time Per Partition
 19. Analysis & Synthesis Messages



----------------
; Legal Notice ;
----------------
Copyright (C) 2025  Altera Corporation. All rights reserved.
Your use of Altera Corporation's design tools, logic functions 
and other software and tools, and any partner logic 
functions, and any output files from any of the foregoing 
(including device programming or simulation files), and any 
associated documentation or information are expressly subject 
to the terms and conditions of the Altera Program License 
Subscription Agreement, the Altera Quartus Prime License Agreement,
the Altera IP License Agreement, or other applicable license
agreement, including, without limitation, that your use is for
the sole purpose of programming logic devices manufactured by
Altera and sold by Altera or its authorized distributors.  Please
refer to the Altera Software License Subscription Agreements 
on the Quartus Prime software download page.



+-----------------------------------------------------------------------------------+
; Analysis & Synthesis Summary                                                      ;
+---------------------------------+-------------------------------------------------+
; Analysis & Synthesis Status     ; Successful - Sun May 11 07:28:47 2025           ;
; Quartus Prime Version           ; 24.1std.0 Build 1077 03/04/2025 SC Lite Edition ;
; Revision Name                   ; xtea_top_duplex                                 ;
; Top-level Entity Name           ; xtea_top_duplex                                 ;
; Family                          ; Cyclone V                                       ;
; Logic utilization (in ALMs)     ; N/A                                             ;
; Total registers                 ; 1586                                            ;
; Total pins                      ; 178                                             ;
; Total virtual pins              ; 0                                               ;
; Total block memory bits         ; 0                                               ;
; Total DSP Blocks                ; 0                                               ;
; Total HSSI RX PCSs              ; 0                                               ;
; Total HSSI PMA RX Deserializers ; 0                                               ;
; Total HSSI TX PCSs              ; 0                                               ;
; Total HSSI PMA TX Serializers   ; 0                                               ;
; Total PLLs                      ; 0                                               ;
; Total DLLs                      ; 0                                               ;
+---------------------------------+-------------------------------------------------+


+---------------------------------------------------------------------------------------------------------------------------+
; Analysis & Synthesis Settings                                                                                             ;
+---------------------------------------------------------------------------------+--------------------+--------------------+
; Option                                                                          ; Setting            ; Default Value      ;
+---------------------------------------------------------------------------------+--------------------+--------------------+
; Device                                                                          ; 5CSEMA5F31C6       ;                    ;
; Top-level entity name                                                           ; xtea_top_duplex    ; xtea_top_duplex    ;
; Family name                                                                     ; Cyclone V          ; Cyclone V          ;
; Use smart compilation                                                           ; Off                ; Off                ;
; Enable parallel Assembler and Timing Analyzer during compilation                ; On                 ; On                 ;
; Enable compact report table                                                     ; Off                ; Off                ;
; Restructure Multiplexers                                                        ; Auto               ; Auto               ;
; MLAB Add Timing Constraints For Mixed-Port Feed-Through Mode Setting Don't Care ; Off                ; Off                ;
; Create Debugging Nodes for IP Cores                                             ; Off                ; Off                ;
; Preserve fewer node names                                                       ; On                 ; On                 ;
; Intel FPGA IP Evaluation Mode                                                   ; Enable             ; Enable             ;
; Verilog Version                                                                 ; Verilog_2001       ; Verilog_2001       ;
; VHDL Version                                                                    ; VHDL_1993          ; VHDL_1993          ;
; State Machine Processing                                                        ; Auto               ; Auto               ;
; Safe State Machine                                                              ; Off                ; Off                ;
; Extract Verilog State Machines                                                  ; On                 ; On                 ;
; Extract VHDL State Machines                                                     ; On                 ; On                 ;
; Ignore Verilog initial constructs                                               ; Off                ; Off                ;
; Iteration limit for constant Verilog loops                                      ; 5000               ; 5000               ;
; Iteration limit for non-constant Verilog loops                                  ; 250                ; 250                ;
; Add Pass-Through Logic to Inferred RAMs                                         ; On                 ; On                 ;
; Infer RAMs from Raw Logic                                                       ; On                 ; On                 ;
; Parallel Synthesis                                                              ; On                 ; On                 ;
; DSP Block Balancing                                                             ; Auto               ; Auto               ;
; NOT Gate Push-Back                                                              ; On                 ; On                 ;
; Power-Up Don't Care                                                             ; On                 ; On                 ;
; Remove Redundant Logic Cells                                                    ; Off                ; Off                ;
; Remove Duplicate Registers                                                      ; On                 ; On                 ;
; Ignore CARRY Buffers                                                            ; Off                ; Off                ;
; Ignore CASCADE Buffers                                                          ; Off                ; Off                ;
; Ignore GLOBAL Buffers                                                           ; Off                ; Off                ;
; Ignore ROW GLOBAL Buffers                                                       ; Off                ; Off                ;
; Ignore LCELL Buffers                                                            ; Off                ; Off                ;
; Ignore SOFT Buffers                                                             ; On                 ; On                 ;
; Limit AHDL Integers to 32 Bits                                                  ; Off                ; Off                ;
; Optimization Technique                                                          ; Balanced           ; Balanced           ;
; Carry Chain Length                                                              ; 70                 ; 70                 ;
; Auto Carry Chains                                                               ; On                 ; On                 ;
; Auto Open-Drain Pins                                                            ; On                 ; On                 ;
; Perform WYSIWYG Primitive Resynthesis                                           ; Off                ; Off                ;
; Auto ROM Replacement                                                            ; On                 ; On                 ;
; Auto RAM Replacement                                                            ; On                 ; On                 ;
; Auto DSP Block Replacement                                                      ; On                 ; On                 ;
; Auto Shift Register Replacement                                                 ; Auto               ; Auto               ;
; Allow Shift Register Merging across Hierarchies                                 ; Auto               ; Auto               ;
; Auto Clock Enable Replacement                                                   ; On                 ; On                 ;
; Strict RAM Replacement                                                          ; Off                ; Off                ;
; Allow Synchronous Control Signals                                               ; On                 ; On                 ;
; Force Use of Synchronous Clear Signals                                          ; Off                ; Off                ;
; Auto Resource Sharing                                                           ; Off                ; Off                ;
; Allow Any RAM Size For Recognition                                              ; Off                ; Off                ;
; Allow Any ROM Size For Recognition                                              ; Off                ; Off                ;
; Allow Any Shift Register Size For Recognition                                   ; Off                ; Off                ;
; Use LogicLock Constraints during Resource Balancing                             ; On                 ; On                 ;
; Ignore translate_off and synthesis_off directives                               ; Off                ; Off                ;
; Timing-Driven Synthesis                                                         ; On                 ; On                 ;
; Report Parameter Settings                                                       ; On                 ; On                 ;
; Report Source Assignments                                                       ; On                 ; On                 ;
; Report Connectivity Checks                                                      ; On                 ; On                 ;
; Ignore Maximum Fan-Out Assignments                                              ; Off                ; Off                ;
; Synchronization Register Chain Length                                           ; 3                  ; 3                  ;
; Power Optimization During Synthesis                                             ; Normal compilation ; Normal compilation ;
; HDL message level                                                               ; Level2             ; Level2             ;
; Suppress Register Optimization Related Messages                                 ; Off                ; Off                ;
; Number of Removed Registers Reported in Synthesis Report                        ; 5000               ; 5000               ;
; Number of Swept Nodes Reported in Synthesis Report                              ; 5000               ; 5000               ;
; Number of Inverted Registers Reported in Synthesis Report                       ; 100                ; 100                ;
; Clock MUX Protection                                                            ; On                 ; On                 ;
; Auto Gated Clock Conversion                                                     ; Off                ; Off                ;
; Block Design Naming                                                             ; Auto               ; Auto               ;
; SDC constraint protection                                                       ; Off                ; Off                ;
; Synthesis Effort                                                                ; Auto               ; Auto               ;
; Shift Register Replacement - Allow Asynchronous Clear Signal                    ; On                 ; On                 ;
; Pre-Mapping Resynthesis Optimization                                            ; Off                ; Off                ;
; Analysis & Synthesis Message Level                                              ; Medium             ; Medium             ;
; Disable Register Merging Across Hierarchies                                     ; Auto               ; Auto               ;
; Resource Aware Inference For Block RAM                                          ; On                 ; On                 ;
; Automatic Parallel Synthesis                                                    ; On                 ; On                 ;
; Partial Reconfiguration Bitstream ID                                            ; Off                ; Off                ;
+---------------------------------------------------------------------------------+--------------------+--------------------+


+------------------------------------------+
; Parallel Compilation                     ;
+----------------------------+-------------+
; Processors                 ; Number      ;
+----------------------------+-------------+
; Number detected on machine ; 4           ;
; Maximum allowed            ; 4           ;
;                            ;             ;
; Average used               ; 1.00        ;
; Maximum used               ; 4           ;
;                            ;             ;
; Usage by Processor         ; % Time Used ;
;     Processor 1            ; 100.0%      ;
;     Processor 2            ;   0.1%      ;
;     Processor 3            ;   0.0%      ;
;     Processor 4            ;   0.0%      ;
+----------------------------+-------------+


+--------------------------------------------------------------------------------------------------------------------------------+
; Analysis & Synthesis Source Files Read                                                                                         ;
+----------------------------------+-----------------+-----------------+-----------------------------------------------+---------+
; File Name with User-Entered Path ; Used in Netlist ; File Type       ; File Name with Absolute Path                  ; Library ;
+----------------------------------+-----------------+-----------------+-----------------------------------------------+---------+
; src/xtea_top_duplex.vhd          ; yes             ; User VHDL File  ; /home/pcvj2/xteapart1/src/xtea_top_duplex.vhd ;         ;
; src/xtea_enc.vhd                 ; yes             ; User VHDL File  ; /home/pcvj2/xteapart1/src/xtea_enc.vhd        ;         ;
; src/xtea_dec.vhd                 ; yes             ; User VHDL File  ; /home/pcvj2/xteapart1/src/xtea_dec.vhd        ;         ;
+----------------------------------+-----------------+-----------------+-----------------------------------------------+---------+


+---------------------------------------------------------+
; Analysis & Synthesis Resource Usage Summary             ;
+---------------------------------------------+-----------+
; Resource                                    ; Usage     ;
+---------------------------------------------+-----------+
; Estimate of Logic utilization (ALMs needed) ; 977       ;
;                                             ;           ;
; Combinational ALUT usage for logic          ; 1315      ;
;     -- 7 input functions                    ; 0         ;
;     -- 6 input functions                    ; 225       ;
;     -- 5 input functions                    ; 10        ;
;     -- 4 input functions                    ; 11        ;
;     -- <=3 input functions                  ; 1069      ;
;                                             ;           ;
; Dedicated logic registers                   ; 1586      ;
;                                             ;           ;
; I/O pins                                    ; 178       ;
;                                             ;           ;
; Total DSP Blocks                            ; 0         ;
;                                             ;           ;
; Maximum fan-out node                        ; clk~input ;
; Maximum fan-out                             ; 1586      ;
; Total fan-out                               ; 11072     ;
; Average fan-out                             ; 3.40      ;
+---------------------------------------------+-----------+


+-----------------------------------------------------------------------------------------------------------------------------------------------------------------------------------------------------------+
; Analysis & Synthesis Resource Utilization by Entity                                                                                                                                                       ;
+----------------------------+---------------------+---------------------------+-------------------+------------+------+--------------+------------------------------------+-----------------+--------------+
; Compilation Hierarchy Node ; Combinational ALUTs ; Dedicated Logic Registers ; Block Memory Bits ; DSP Blocks ; Pins ; Virtual Pins ; Full Hierarchy Name                ; Entity Name     ; Library Name ;
+----------------------------+---------------------+---------------------------+-------------------+------------+------+--------------+------------------------------------+-----------------+--------------+
; |xtea_top_duplex           ; 1315 (91)           ; 1586 (400)                ; 0                 ; 0          ; 178  ; 0            ; |xtea_top_duplex                   ; xtea_top_duplex ; work         ;
;    |xtea_dec:DEC_UNIT|     ; 628 (628)           ; 593 (593)                 ; 0                 ; 0          ; 0    ; 0            ; |xtea_top_duplex|xtea_dec:DEC_UNIT ; xtea_dec        ; work         ;
;    |xtea_enc:ENC_UNIT|     ; 596 (596)           ; 593 (593)                 ; 0                 ; 0          ; 0    ; 0            ; |xtea_top_duplex|xtea_enc:ENC_UNIT ; xtea_enc        ; work         ;
+----------------------------+---------------------+---------------------------+-------------------+------------+------+--------------+------------------------------------+-----------------+--------------+
Note: For table entries with two numbers listed, the numbers in parentheses indicate the number of resources of the given type used by the specific entity alone. The numbers listed outside of parentheses indicate the total resources of the given type used by the specific entity and all of its sub-entities in the hierarchy.


Encoding Type:  One-Hot
+-----------------------------------------------------------------------------------------------------------------------------------------------------------+
; State Machine - |xtea_top_duplex|enc_stream_state                                                                                                         ;
+---------------------------+------------------------+------------------------+------------------------+------------------------+---------------------------+
; Name                      ; enc_stream_state.ENC_3 ; enc_stream_state.ENC_2 ; enc_stream_state.ENC_1 ; enc_stream_state.ENC_0 ; enc_stream_state.ENC_IDLE ;
+---------------------------+------------------------+------------------------+------------------------+------------------------+---------------------------+
; enc_stream_state.ENC_IDLE ; 0                      ; 0                      ; 0                      ; 0                      ; 0                         ;
; enc_stream_state.ENC_0    ; 0                      ; 0                      ; 0                      ; 1                      ; 1                         ;
; enc_stream_state.ENC_1    ; 0                      ; 0                      ; 1                      ; 0                      ; 1                         ;
; enc_stream_state.ENC_2    ; 0                      ; 1                      ; 0                      ; 0                      ; 1                         ;
; enc_stream_state.ENC_3    ; 1                      ; 0                      ; 0                      ; 0                      ; 1                         ;
+---------------------------+------------------------+------------------------+------------------------+------------------------+---------------------------+


Encoding Type:  One-Hot
+-------------------------------------------------------------------------------------------------------------------+
; State Machine - |xtea_top_duplex|cipher_state                                                                     ;
+------------------------+---------------------+---------------------+---------------------+------------------------+
; Name                   ; cipher_state.CIPH_2 ; cipher_state.CIPH_1 ; cipher_state.CIPH_0 ; cipher_state.CIPH_IDLE ;
+------------------------+---------------------+---------------------+---------------------+------------------------+
; cipher_state.CIPH_IDLE ; 0                   ; 0                   ; 0                   ; 0                      ;
; cipher_state.CIPH_0    ; 0                   ; 0                   ; 1                   ; 1                      ;
; cipher_state.CIPH_1    ; 0                   ; 1                   ; 0                   ; 1                      ;
; cipher_state.CIPH_2    ; 1                   ; 0                   ; 0                   ; 1                      ;
+------------------------+---------------------+---------------------+---------------------+------------------------+


Encoding Type:  One-Hot
+---------------------------------------------------------------------------------------------------------+
; State Machine - |xtea_top_duplex|data_state                                                             ;
+----------------------+-------------------+-------------------+-------------------+----------------------+
; Name                 ; data_state.DATA_2 ; data_state.DATA_1 ; data_state.DATA_0 ; data_state.DATA_IDLE ;
+----------------------+-------------------+-------------------+-------------------+----------------------+
; data_state.DATA_IDLE ; 0                 ; 0                 ; 0                 ; 0                    ;
; data_state.DATA_0    ; 0                 ; 0                 ; 1                 ; 1                    ;
; data_state.DATA_1    ; 0                 ; 1                 ; 0                 ; 1                    ;
; data_state.DATA_2    ; 1                 ; 0                 ; 0                 ; 1                    ;
+----------------------+-------------------+-------------------+-------------------+----------------------+


Encoding Type:  One-Hot
+-----------------------------------------------------------------------------------------------------------------+
; State Machine - |xtea_top_duplex|key_state                                                                      ;
+--------------------+-----------------+-----------------+-----------------+-----------------+--------------------+
; Name               ; key_state.KEY_3 ; key_state.KEY_2 ; key_state.KEY_1 ; key_state.KEY_0 ; key_state.KEY_IDLE ;
+--------------------+-----------------+-----------------+-----------------+-----------------+--------------------+
; key_state.KEY_IDLE ; 0               ; 0               ; 0               ; 0               ; 0                  ;
; key_state.KEY_0    ; 0               ; 0               ; 0               ; 1               ; 1                  ;
; key_state.KEY_1    ; 0               ; 0               ; 1               ; 0               ; 1                  ;
; key_state.KEY_2    ; 0               ; 1               ; 0               ; 0               ; 1                  ;
; key_state.KEY_3    ; 1               ; 0               ; 0               ; 0               ; 1                  ;
+--------------------+-----------------+-----------------+-----------------+-----------------+--------------------+


Encoding Type:  One-Hot
+---------------------------------------------------------------------------------------------------------------------------------------------------+
; State Machine - |xtea_top_duplex|xtea_dec:DEC_UNIT|state                                                                                          ;
+-------------+------------+------------+------------+------------+------------+-------------+-------------+-------------+-------------+------------+
; Name        ; state.OUT3 ; state.OUT2 ; state.OUT1 ; state.OUT0 ; state.EXEC ; state.LOAD3 ; state.LOAD2 ; state.LOAD1 ; state.LOAD0 ; state.IDLE ;
+-------------+------------+------------+------------+------------+------------+-------------+-------------+-------------+-------------+------------+
; state.IDLE  ; 0          ; 0          ; 0          ; 0          ; 0          ; 0           ; 0           ; 0           ; 0           ; 0          ;
; state.LOAD0 ; 0          ; 0          ; 0          ; 0          ; 0          ; 0           ; 0           ; 0           ; 1           ; 1          ;
; state.LOAD1 ; 0          ; 0          ; 0          ; 0          ; 0          ; 0           ; 0           ; 1           ; 0           ; 1          ;
; state.LOAD2 ; 0          ; 0          ; 0          ; 0          ; 0          ; 0           ; 1           ; 0           ; 0           ; 1          ;
; state.LOAD3 ; 0          ; 0          ; 0          ; 0          ; 0          ; 1           ; 0           ; 0           ; 0           ; 1          ;
; state.EXEC  ; 0          ; 0          ; 0          ; 0          ; 1          ; 0           ; 0           ; 0           ; 0           ; 1          ;
; state.OUT0  ; 0          ; 0          ; 0          ; 1          ; 0          ; 0           ; 0           ; 0           ; 0           ; 1          ;
; state.OUT1  ; 0          ; 0          ; 1          ; 0          ; 0          ; 0           ; 0           ; 0           ; 0           ; 1          ;
; state.OUT2  ; 0          ; 1          ; 0          ; 0          ; 0          ; 0           ; 0           ; 0           ; 0           ; 1          ;
; state.OUT3  ; 1          ; 0          ; 0          ; 0          ; 0          ; 0           ; 0           ; 0           ; 0           ; 1          ;
+-------------+------------+------------+------------+------------+------------+-------------+-------------+-------------+-------------+------------+


Encoding Type:  One-Hot
+---------------------------------------------------------------------------------------------------------------------------------------------------+
; State Machine - |xtea_top_duplex|xtea_enc:ENC_UNIT|state                                                                                          ;
+-------------+------------+------------+------------+------------+------------+-------------+-------------+-------------+-------------+------------+
; Name        ; state.OUT3 ; state.OUT2 ; state.OUT1 ; state.OUT0 ; state.EXEC ; state.LOAD3 ; state.LOAD2 ; state.LOAD1 ; state.LOAD0 ; state.IDLE ;
+-------------+------------+------------+------------+------------+------------+-------------+-------------+-------------+-------------+------------+
; state.IDLE  ; 0          ; 0          ; 0          ; 0          ; 0          ; 0           ; 0           ; 0           ; 0           ; 0          ;
; state.LOAD0 ; 0          ; 0          ; 0          ; 0          ; 0          ; 0           ; 0           ; 0           ; 1           ; 1          ;
; state.LOAD1 ; 0          ; 0          ; 0          ; 0          ; 0          ; 0           ; 0           ; 1           ; 0           ; 1          ;
; state.LOAD2 ; 0          ; 0          ; 0          ; 0          ; 0          ; 0           ; 1           ; 0           ; 0           ; 1          ;
; state.LOAD3 ; 0          ; 0          ; 0          ; 0          ; 0          ; 1           ; 0           ; 0           ; 0           ; 1          ;
; state.EXEC  ; 0          ; 0          ; 0          ; 0          ; 1          ; 0           ; 0           ; 0           ; 0           ; 1          ;
; state.OUT0  ; 0          ; 0          ; 0          ; 1          ; 0          ; 0           ; 0           ; 0           ; 0           ; 1          ;
; state.OUT1  ; 0          ; 0          ; 1          ; 0          ; 0          ; 0           ; 0           ; 0           ; 0           ; 1          ;
; state.OUT2  ; 0          ; 1          ; 0          ; 0          ; 0          ; 0           ; 0           ; 0           ; 0           ; 1          ;
; state.OUT3  ; 1          ; 0          ; 0          ; 0          ; 0          ; 0           ; 0           ; 0           ; 0           ; 1          ;
+-------------+------------+------------+------------+------------+------------+-------------+-------------+-------------+-------------+------------+


+------------------------------------------------------+
; General Register Statistics                          ;
+----------------------------------------------+-------+
; Statistic                                    ; Value ;
+----------------------------------------------+-------+
; Total registers                              ; 1586  ;
; Number of registers using Synchronous Clear  ; 47    ;
; Number of registers using Synchronous Load   ; 256   ;
; Number of registers using Asynchronous Clear ; 1266  ;
; Number of registers using Asynchronous Load  ; 0     ;
; Number of registers using Clock Enable       ; 1510  ;
; Number of registers using Preset             ; 0     ;
+----------------------------------------------+-------+


+---------------------------------------------------+
; Inverted Register Statistics                      ;
+-----------------------------------------+---------+
; Inverted Register                       ; Fan out ;
+-----------------------------------------+---------+
; xtea_dec:DEC_UNIT|sum[12]               ; 35      ;
; xtea_dec:DEC_UNIT|sum[5]                ; 3       ;
; xtea_dec:DEC_UNIT|sum[8]                ; 3       ;
; xtea_dec:DEC_UNIT|sum[9]                ; 3       ;
; xtea_dec:DEC_UNIT|sum[10]               ; 3       ;
; xtea_dec:DEC_UNIT|sum[13]               ; 3       ;
; xtea_dec:DEC_UNIT|sum[16]               ; 3       ;
; xtea_dec:DEC_UNIT|sum[17]               ; 3       ;
; xtea_dec:DEC_UNIT|sum[18]               ; 3       ;
; xtea_dec:DEC_UNIT|sum[19]               ; 3       ;
; xtea_dec:DEC_UNIT|sum[21]               ; 3       ;
; xtea_dec:DEC_UNIT|sum[22]               ; 3       ;
; xtea_dec:DEC_UNIT|sum[23]               ; 3       ;
; xtea_dec:DEC_UNIT|sum[25]               ; 3       ;
; xtea_dec:DEC_UNIT|sum[26]               ; 3       ;
; xtea_dec:DEC_UNIT|sum[30]               ; 3       ;
; xtea_dec:DEC_UNIT|sum[31]               ; 3       ;
; Total number of inverted registers = 17 ;         ;
+-----------------------------------------+---------+


+---------------------------------------------------------------------------------------------------------------------------------------------------------------------+
; Multiplexer Restructuring Statistics (Restructuring Performed)                                                                                                      ;
+--------------------+-----------+---------------+----------------------+------------------------+------------+-------------------------------------------------------+
; Multiplexer Inputs ; Bus Width ; Baseline Area ; Area if Restructured ; Saving if Restructured ; Registered ; Example Multiplexer Output                            ;
+--------------------+-----------+---------------+----------------------+------------------------+------------+-------------------------------------------------------+
; 4:1                ; 128 bits  ; 256 LEs       ; 0 LEs                ; 256 LEs                ; Yes        ; |xtea_top_duplex|xtea_dec:DEC_UNIT|v2[19]             ;
; 4:1                ; 128 bits  ; 256 LEs       ; 0 LEs                ; 256 LEs                ; Yes        ; |xtea_top_duplex|xtea_enc:ENC_UNIT|v1[9]              ;
; 5:1                ; 32 bits   ; 96 LEs        ; 64 LEs               ; 32 LEs                 ; Yes        ; |xtea_top_duplex|xtea_dec:DEC_UNIT|data_out[9]        ;
; 5:1                ; 32 bits   ; 96 LEs        ; 64 LEs               ; 32 LEs                 ; Yes        ; |xtea_top_duplex|xtea_enc:ENC_UNIT|ciphertext_out[24] ;
; 6:1                ; 32 bits   ; 128 LEs       ; 64 LEs               ; 64 LEs                 ; Yes        ; |xtea_top_duplex|enc_input_word[16]                   ;
; 4:1                ; 17 bits   ; 34 LEs        ; 17 LEs               ; 17 LEs                 ; Yes        ; |xtea_top_duplex|xtea_dec:DEC_UNIT|sum[5]             ;
; 4:1                ; 32 bits   ; 64 LEs        ; 64 LEs               ; 0 LEs                  ; No         ; |xtea_top_duplex|xtea_enc:ENC_UNIT|Mux19              ;
; 4:1                ; 32 bits   ; 64 LEs        ; 64 LEs               ; 0 LEs                  ; No         ; |xtea_top_duplex|xtea_enc:ENC_UNIT|Mux40              ;
; 4:1                ; 32 bits   ; 64 LEs        ; 64 LEs               ; 0 LEs                  ; No         ; |xtea_top_duplex|xtea_dec:DEC_UNIT|Mux47              ;
; 4:1                ; 32 bits   ; 64 LEs        ; 64 LEs               ; 0 LEs                  ; No         ; |xtea_top_duplex|xtea_dec:DEC_UNIT|Mux30              ;
+--------------------+-----------+---------------+----------------------+------------------------+------------+-------------------------------------------------------+


+-----------------------------------------------------+
; Post-Synthesis Netlist Statistics for Top Partition ;
+-----------------------+-----------------------------+
; Type                  ; Count                       ;
+-----------------------+-----------------------------+
; arriav_ff             ; 1586                        ;
;     CLR               ; 76                          ;
;     ENA               ; 320                         ;
;     ENA CLR           ; 887                         ;
;     ENA CLR SCLR      ; 47                          ;
;     ENA CLR SLD       ; 256                         ;
; arriav_lcell_comb     ; 1317                        ;
;     arith             ; 343                         ;
;         1 data inputs ; 86                          ;
;         2 data inputs ; 165                         ;
;         3 data inputs ; 92                          ;
;     normal            ; 718                         ;
;         0 data inputs ; 1                           ;
;         1 data inputs ; 4                           ;
;         2 data inputs ; 444                         ;
;         3 data inputs ; 23                          ;
;         4 data inputs ; 11                          ;
;         5 data inputs ; 10                          ;
;         6 data inputs ; 225                         ;
;     shared            ; 256                         ;
;         2 data inputs ; 128                         ;
;         3 data inputs ; 128                         ;
; boundary_port         ; 178                         ;
;                       ;                             ;
; Max LUT depth         ; 6.10                        ;
; Average LUT depth     ; 3.41                        ;
+-----------------------+-----------------------------+


+-------------------------------+
; Elapsed Time Per Partition    ;
+----------------+--------------+
; Partition Name ; Elapsed Time ;
+----------------+--------------+
; Top            ; 00:00:00     ;
+----------------+--------------+


+-------------------------------+
; Analysis & Synthesis Messages ;
+-------------------------------+
Info: *******************************************************************
Info: Running Quartus Prime Analysis & Synthesis
    Info: Version 24.1std.0 Build 1077 03/04/2025 SC Lite Edition
    Info: Processing started: Sun May 11 07:28:41 2025
Info: Command: quartus_map --read_settings_files=on --write_settings_files=off xtea_top_duplex -c xtea_top_duplex
Warning (18236): Number of processors has not been specified which may cause overloading on shared machines.  Set the global assignment NUM_PARALLEL_PROCESSORS in your QSF to an appropriate value for best performance.
Info (20030): Parallel compilation is enabled and will use 4 of the 4 processors detected
Info (12021): Found 2 design units, including 1 entities, in source file src/xtea_top_duplex.vhd
    Info (12022): Found design unit 1: xtea_top_duplex-Behavioral File: /home/pcvj2/xteapart1/src/xtea_top_duplex.vhd Line: 24
    Info (12023): Found entity 1: xtea_top_duplex File: /home/pcvj2/xteapart1/src/xtea_top_duplex.vhd Line: 5
Info (12021): Found 2 design units, including 1 entities, in source file src/xtea_enc.vhd
    Info (12022): Found design unit 1: xtea_enc-Behavioral File: /home/pcvj2/xteapart1/src/xtea_enc.vhd Line: 19
    Info (12023): Found entity 1: xtea_enc File: /home/pcvj2/xteapart1/src/xtea_enc.vhd Line: 7
Info (12021): Found 2 design units, including 1 entities, in source file src/xtea_dec.vhd
    Info (12022): Found design unit 1: xtea_dec-Behavioral File: /home/pcvj2/xteapart1/src/xtea_dec.vhd Line: 17
    Info (12023): Found entity 1: xtea_dec File: /home/pcvj2/xteapart1/src/xtea_dec.vhd Line: 5
Info (12127): Elaborating entity "xtea_top_duplex" for the top level hierarchy
Info (12128): Elaborating entity "xtea_enc" for hierarchy "xtea_enc:ENC_UNIT" File: /home/pcvj2/xteapart1/src/xtea_top_duplex.vhd Line: 82
Warning (10036): Verilog HDL or VHDL warning at xtea_enc.vhd(36): object "out_counter" assigned a value but never read File: /home/pcvj2/xteapart1/src/xtea_enc.vhd Line: 36
Warning (10037): Verilog HDL or VHDL warning at xtea_enc.vhd(145): conditional expression evaluates to a constant File: /home/pcvj2/xteapart1/src/xtea_enc.vhd Line: 145
Info (12128): Elaborating entity "xtea_dec" for hierarchy "xtea_dec:DEC_UNIT" File: /home/pcvj2/xteapart1/src/xtea_top_duplex.vhd Line: 93
Warning (10037): Verilog HDL or VHDL warning at xtea_dec.vhd(106): conditional expression evaluates to a constant File: /home/pcvj2/xteapart1/src/xtea_dec.vhd Line: 106
Warning (13024): Output pins are stuck at VCC or GND
    Warning (13410): Pin "leds[4]" is stuck at GND File: /home/pcvj2/xteapart1/src/xtea_top_duplex.vhd Line: 20
    Warning (13410): Pin "leds[5]" is stuck at GND File: /home/pcvj2/xteapart1/src/xtea_top_duplex.vhd Line: 20
    Warning (13410): Pin "leds[6]" is stuck at GND File: /home/pcvj2/xteapart1/src/xtea_top_duplex.vhd Line: 20
    Warning (13410): Pin "leds[7]" is stuck at GND File: /home/pcvj2/xteapart1/src/xtea_top_duplex.vhd Line: 20
    Warning (13410): Pin "leds[8]" is stuck at GND File: /home/pcvj2/xteapart1/src/xtea_top_duplex.vhd Line: 20
    Warning (13410): Pin "leds[9]" is stuck at GND File: /home/pcvj2/xteapart1/src/xtea_top_duplex.vhd Line: 20
Info (286030): Timing-Driven Synthesis is running
Info (16010): Generating hard_block partition "hard_block:auto_generated_inst"
    Info (16011): Adding 0 node(s), including 0 DDIO, 0 PLL, 0 transceiver and 0 LCELL
Info (21057): Implemented 2606 device resources after synthesis - the final resource count might be different
    Info (21058): Implemented 101 input pins
    Info (21059): Implemented 77 output pins
    Info (21061): Implemented 2428 logic cells
Info: Quartus Prime Analysis & Synthesis was successful. 0 errors, 11 warnings
    Info: Peak virtual memory: 514 megabytes
    Info: Processing ended: Sun May 11 07:28:47 2025
    Info: Elapsed time: 00:00:06
    Info: Total CPU time (on all processors): 00:00:11


