Flow report for xtea_top_duplex
Sun May 11 08:11:40 2025
Quartus Prime Version 24.1std.0 Build 1077 03/04/2025 SC Lite Edition


---------------------
; Table of Contents ;
---------------------
  1. Legal Notice
  2. Flow Summary
  3. Flow Settings
  4. Flow Non-Default Global Settings
  5. Flow Elapsed Time
  6. Flow OS Summary
  7. Flow Log
  8. Flow Messages
  9. Flow Suppressed Messages



----------------
; Legal Notice ;
----------------
Copyright (C) 2025  Altera Corporation. All rights reserved.
Your use of Altera Corporation's design tools, logic functions 
and other software and tools, and any partner logic 
functions, and any output files from any of the foregoing 
(including device programming or simulation files), and any 
associated documentation or information are expressly subject 
to the terms and conditions of the Altera Program License 
Subscription Agreement, the Altera Quartus Prime License Agreement,
the Altera IP License Agreement, or other applicable license
agreement, including, without limitation, that your use is for
the sole purpose of programming logic devices manufactured by
Altera and sold by Altera or its authorized distributors.  Please
refer to the Altera Software License Subscription Agreements 
on the Quartus Prime software download page.



+-----------------------------------------------------------------------------------+
; Flow Summary                                                                      ;
+---------------------------------+-------------------------------------------------+
; Flow Status                     ; Successful - Sun May 11 08:11:40 2025           ;
; Quartus Prime Version           ; 24.1std.0 Build 1077 03/04/2025 SC Lite Edition ;
; Revision Name                   ; xtea_top_duplex                                 ;
; Top-level Entity Name           ; xtea_top_duplex                                 ;
; Family                          ; Cyclone V                                       ;
; Device                          ; 5CSEMA5F31C6                                    ;
; Timing Models                   ; Final                                           ;
; Logic utilization (in ALMs)     ; 916 / 32,070 ( 3 % )                            ;
; Total registers                 ; 1639                                            ;
; Total pins                      ; 178 / 457 ( 39 % )                              ;
; Total virtual pins              ; 0                                               ;
; Total block memory bits         ; 0 / 4,065,280 ( 0 % )                           ;
; Total DSP Blocks                ; 0 / 87 ( 0 % )                                  ;
; Total HSSI RX PCSs              ; 0                                               ;
; Total HSSI PMA RX Deserializers ; 0                                               ;
; Total HSSI TX PCSs              ; 0                                               ;
; Total HSSI PMA TX Serializers   ; 0                                               ;
; Total PLLs                      ; 0 / 6 ( 0 % )                                   ;
; Total DLLs                      ; 0 / 4 ( 0 % )                                   ;
+---------------------------------+-------------------------------------------------+


+-----------------------------------------+
; Flow Settings                           ;
+-------------------+---------------------+
; Option            ; Setting             ;
+-------------------+---------------------+
; Start date & time ; 05/11/2025 08:09:07 ;
; Main task         ; Compilation         ;
; Revision Name     ; xtea_top_duplex     ;
+-------------------+---------------------+


+--------------------------------------------------------------------------------------------------+
; Flow Non-Default Global Settings                                                                 ;
+-----------------------+-------------------------------+---------------+-------------+------------+
; Assignment Name       ; Value                         ; Default Value ; Entity Name ; Section Id ;
+-----------------------+-------------------------------+---------------+-------------+------------+
; COMPILER_SIGNATURE_ID ; 8796749813200.174694734721944 ; --            ; --          ; --         ;
+-----------------------+-------------------------------+---------------+-------------+------------+


+--------------------------------------------------------------------------------------------------------------------------+
; Flow Elapsed Time                                                                                                        ;
+----------------------+--------------+-------------------------+---------------------+------------------------------------+
; Module Name          ; Elapsed Time ; Average Processors Used ; Peak Virtual Memory ; Total CPU Time (on all processors) ;
+----------------------+--------------+-------------------------+---------------------+------------------------------------+
; Analysis & Synthesis ; 00:00:07     ; 1.0                     ; 502 MB              ; 00:00:11                           ;
; Fitter               ; 00:01:31     ; 1.0                     ; 1853 MB             ; 00:02:08                           ;
; Assembler            ; 00:00:04     ; 1.0                     ; 532 MB              ; 00:00:04                           ;
; Timing Analyzer      ; 00:00:05     ; 1.8                     ; 891 MB              ; 00:00:09                           ;
; Power Analyzer       ; 00:00:05     ; 1.4                     ; 1178 MB             ; 00:00:06                           ;
; Total                ; 00:01:52     ; --                      ; --                  ; 00:02:38                           ;
+----------------------+--------------+-------------------------+---------------------+------------------------------------+


+---------------------------------------------------------------------------------+
; Flow OS Summary                                                                 ;
+----------------------+------------------+---------+------------+----------------+
; Module Name          ; Machine Hostname ; OS Name ; OS Version ; Processor type ;
+----------------------+------------------+---------+------------+----------------+
; Analysis & Synthesis ; pcvj2-VirtualBox ; Ubuntu  ; 24         ; x86_64         ;
; Fitter               ; pcvj2-VirtualBox ; Ubuntu  ; 24         ; x86_64         ;
; Assembler            ; pcvj2-VirtualBox ; Ubuntu  ; 24         ; x86_64         ;
; Timing Analyzer      ; pcvj2-VirtualBox ; Ubuntu  ; 24         ; x86_64         ;
; Power Analyzer       ; pcvj2-VirtualBox ; Ubuntu  ; 24         ; x86_64         ;
+----------------------+------------------+---------+------------+----------------+


------------
; Flow Log ;
------------
quartus_map --read_settings_files=on --write_settings_files=off xtea_top_duplex -c xtea_top_duplex
quartus_fit --read_settings_files=off --write_settings_files=off xtea_top_duplex -c xtea_top_duplex
quartus_asm --read_settings_files=off --write_settings_files=off xtea_top_duplex -c xtea_top_duplex
quartus_sta xtea_top_duplex -c xtea_top_duplex
quartus_pow xtea_top_duplex --read_settings_files=on --write_settings_files=off



